2025-03-08 00:09:09,891 - INFO - Starting PC-Koubou stock monitoring service
2025-03-08 00:09:09,891 - INFO - Running stock check...
2025-03-08 00:09:09,891 - INFO - Current time: 2025-03-08 00:09:09
2025-03-08 00:09:10,898 - WARNING - Could not find stock status element on the page
2025-03-08 00:09:10,898 - INFO - Product is not in stock yet. Will check again later.
2025-03-08 00:11:50,613 - INFO - Stock monitoring service stopped by user
2025-03-08 00:35:55,284 - INFO - Starting PC-Koubou stock monitoring service
2025-03-08 00:35:55,285 - INFO - Running stock check...
2025-03-08 00:35:55,285 - INFO - Current time: 2025-03-08 00:35:55
2025-03-08 00:35:56,253 - WARNING - Could not find stock status element on the page
2025-03-08 00:35:56,253 - INFO - Product is not in stock yet. Will check again later.
2025-03-08 00:43:56,065 - INFO - Starting PC-Koubou stock monitoring service
2025-03-08 00:43:56,066 - INFO - Running stock check...
2025-03-08 00:43:56,066 - INFO - Current time: 2025-03-08 00:43:56
2025-03-08 00:43:57,020 - WARNING - Could not find stock status element on the page
2025-03-08 00:43:57,021 - INFO - Product is not in stock yet. Will check again later.
2025-03-08 00:48:57,186 - INFO - Running stock check...
2025-03-08 00:48:57,193 - INFO - Current time: 2025-03-08 00:48:57
2025-03-08 00:48:58,061 - WARNING - Could not find stock status element on the page
2025-03-08 00:48:58,061 - INFO - Product is not in stock yet. Will check again later.
2025-03-08 00:53:58,122 - INFO - Running stock check...
2025-03-08 00:53:58,130 - INFO - Current time: 2025-03-08 00:53:58
2025-03-08 00:53:59,095 - WARNING - Could not find stock status element on the page
2025-03-08 00:53:59,096 - INFO - Product is not in stock yet. Will check again later.
2025-03-08 00:58:59,176 - INFO - Running stock check...
2025-03-08 00:58:59,188 - INFO - Current time: 2025-03-08 00:58:59
2025-03-08 00:59:00,163 - WARNING - Could not find stock status element on the page
2025-03-08 00:59:00,163 - INFO - Product is not in stock yet. Will check again later.
2025-03-08 01:01:46,660 - INFO - Starting PC-Koubou stock monitoring service
2025-03-08 01:01:46,660 - INFO - Running stock check...
2025-03-08 01:01:46,660 - INFO - Current time: 2025-03-08 01:01:46
2025-03-08 01:01:47,641 - WARNING - Could not find stock status element on the page
2025-03-08 01:01:47,642 - INFO - Product is not in stock yet. Will check again later.
2025-03-08 01:04:00,331 - INFO - Running stock check...
2025-03-08 01:04:00,335 - INFO - Current time: 2025-03-08 01:04:00
2025-03-08 01:04:01,347 - WARNING - Could not find stock status element on the page
2025-03-08 01:04:01,348 - INFO - Product is not in stock yet. Will check again later.
2025-03-08 01:06:47,716 - INFO - Running stock check...
2025-03-08 01:06:47,719 - INFO - Current time: 2025-03-08 01:06:47
2025-03-08 01:06:48,800 - WARNING - Could not find stock status element on the page
2025-03-08 01:06:48,800 - INFO - Product is not in stock yet. Will check again later.
2025-03-08 01:09:01,836 - INFO - Running stock check...
2025-03-08 01:09:01,838 - INFO - Current time: 2025-03-08 01:09:01
2025-03-08 01:09:02,967 - WARNING - Could not find stock status element on the page
2025-03-08 01:09:02,968 - INFO - Product is not in stock yet. Will check again later.
2025-03-08 01:11:48,846 - INFO - Running stock check...
2025-03-08 01:11:48,848 - INFO - Current time: 2025-03-08 01:11:48
2025-03-08 01:11:49,715 - WARNING - Could not find stock status element on the page
2025-03-08 01:11:49,715 - INFO - Product is not in stock yet. Will check again later.
2025-03-08 01:14:03,889 - INFO - Running stock check...
2025-03-08 01:14:03,896 - INFO - Current time: 2025-03-08 01:14:03
2025-03-08 01:14:05,019 - WARNING - Could not find stock status element on the page
2025-03-08 01:14:05,020 - INFO - Product is not in stock yet. Will check again later.
2025-03-08 01:16:50,084 - INFO - Running stock check...
2025-03-08 01:16:50,101 - INFO - Current time: 2025-03-08 01:16:50
2025-03-08 01:16:51,174 - WARNING - Could not find stock status element on the page
2025-03-08 01:16:51,175 - INFO - Product is not in stock yet. Will check again later.
2025-03-08 01:19:05,157 - INFO - Running stock check...
2025-03-08 01:19:05,169 - INFO - Current time: 2025-03-08 01:19:05
2025-03-08 01:19:06,239 - WARNING - Could not find stock status element on the page
2025-03-08 01:19:06,239 - INFO - Product is not in stock yet. Will check again later.
2025-03-08 01:21:51,317 - INFO - Running stock check...
2025-03-08 01:21:51,325 - INFO - Current time: 2025-03-08 01:21:51
2025-03-08 01:21:52,260 - WARNING - Could not find stock status element on the page
2025-03-08 01:21:52,260 - INFO - Product is not in stock yet. Will check again later.
2025-03-08 01:24:06,432 - INFO - Running stock check...
2025-03-08 01:24:06,445 - INFO - Current time: 2025-03-08 01:24:06
2025-03-08 01:24:07,510 - WARNING - Could not find stock status element on the page
2025-03-08 01:24:07,510 - INFO - Product is not in stock yet. Will check again later.
2025-03-08 01:25:00,751 - INFO - Stock monitoring service stopped by user
2025-03-08 01:29:07,627 - INFO - Running stock check...
2025-03-08 01:29:07,649 - INFO - Current time: 2025-03-08 01:29:07
2025-03-08 01:29:08,568 - WARNING - Could not find stock status element on the page
2025-03-08 01:29:08,568 - INFO - Product is not in stock yet. Will check again later.
2025-03-08 01:34:08,753 - INFO - Running stock check...
2025-03-08 01:34:08,765 - INFO - Current time: 2025-03-08 01:34:08
2025-03-08 01:34:09,734 - WARNING - Could not find stock status element on the page
2025-03-08 01:34:09,734 - INFO - Product is not in stock yet. Will check again later.
